INFO  time: initialize in 0.74s
WARN  no build tool detected in workspace '/Users/davidainslie/workspace/backwards/docker-backwards'. The most common cause for this problem is that the editor was opened in the wrong working directory, for example if you use sbt then the workspace directory should contain build.sbt. 
WARN  no build target: /Users/davidainslie/workspace/exercises/exploding/version.sbt
Oct 13, 2019 9:04:58 PM org.eclipse.lsp4j.jsonrpc.RemoteEndpoint handleCancellation
WARNING: Unmatched cancel notification for request id 3
WARN  no build target: /Users/davidainslie/workspace/exercises/exploding/version.sbt
WARN  no build target: /Users/davidainslie/workspace/exercises/exploding/version.sbt
WARN  no build target: /Users/davidainslie/workspace/exercises/exploding/release.sbt
WARN  no build target: /Users/davidainslie/workspace/exercises/exploding/build.sbt
WARN  no build target: /Users/davidainslie/workspace/exercises/exploding/build.sbt
WARN  no build target: /Users/davidainslie/workspace/exercises/exploding/build.sbt
WARN  no build target: /Users/davidainslie/workspace/exercises/exploding/build.sbt
WARN  no build target: /Users/davidainslie/workspace/exercises/exploding/build.sbt
WARN  no build target: /Users/davidainslie/workspace/exercises/exploding/build.sbt
WARN  no build target: /Users/davidainslie/workspace/exercises/exploding/build.sbt
WARN  no build target: /Users/davidainslie/workspace/exercises/exploding/build.sbt
WARN  no build target: /Users/davidainslie/workspace/exercises/exploding/build.sbt
WARN  no build target: /Users/davidainslie/workspace/exercises/exploding/build.sbt
WARN  no build target: /Users/davidainslie/workspace/exercises/exploding/build.sbt
WARN  no build target: /Users/davidainslie/workspace/exercises/exploding/project/plugins.sbt
WARN  no build target: /Users/davidainslie/workspace/exercises/exploding/project/plugins.sbt
WARN  no build target: /Users/davidainslie/workspace/exercises/exploding/project/Dependencies.scala
INFO  no build target: using presentation compiler with only scala-library
WARN  no build target: /Users/davidainslie/workspace/exercises/exploding/project/Dependencies.scala
WARN  no build tool detected in workspace '/Users/davidainslie/workspace/backwards/docker-backwards'. The most common cause for this problem is that the editor was opened in the wrong working directory, for example if you use sbt then the workspace directory should contain build.sbt. 
WARN  no build tool detected in workspace '/Users/davidainslie/workspace/backwards/docker-backwards'. The most common cause for this problem is that the editor was opened in the wrong working directory, for example if you use sbt then the workspace directory should contain build.sbt. 
WARN  no build target: /Users/davidainslie/workspace/exercises/exploding/project/Dependencies.scala
WARN  no build target: /Users/davidainslie/workspace/exercises/exploding/project/Dependencies.scala
WARN  no build target: /Users/davidainslie/workspace/exercises/exploding/project/Dependencies.scala
WARN  no build target: /Users/davidainslie/workspace/exercises/exploding/project/Dependencies.scala
WARN  no build target: /Users/davidainslie/workspace/exercises/exploding/project/Dependencies.scala
WARN  no build tool detected in workspace '/Users/davidainslie/workspace/backwards/docker-backwards'. The most common cause for this problem is that the editor was opened in the wrong working directory, for example if you use sbt then the workspace directory should contain build.sbt. 
WARN  no build tool detected in workspace '/Users/davidainslie/workspace/backwards/docker-backwards'. The most common cause for this problem is that the editor was opened in the wrong working directory, for example if you use sbt then the workspace directory should contain build.sbt. 
WARN  no build target: /Users/davidainslie/workspace/exercises/exploding/project/Dependencies.scala
WARN  no build target: /Users/davidainslie/workspace/exercises/exploding/project/Dependencies.scala
WARN  no build tool detected in workspace '/Users/davidainslie/workspace/backwards/docker-backwards'. The most common cause for this problem is that the editor was opened in the wrong working directory, for example if you use sbt then the workspace directory should contain build.sbt. 
WARN  no build tool detected in workspace '/Users/davidainslie/workspace/backwards/docker-backwards'. The most common cause for this problem is that the editor was opened in the wrong working directory, for example if you use sbt then the workspace directory should contain build.sbt. 
WARN  no build target: /Users/davidainslie/workspace/exercises/exploding/project/Dependencies.scala
WARN  no build target: /Users/davidainslie/workspace/exercises/exploding/project/Dependencies.scala
WARN  no build target: /Users/davidainslie/workspace/exercises/exploding/project/Dependencies.scala
WARN  no build target: /Users/davidainslie/workspace/exercises/exploding/project/Dependencies.scala
WARN  no build target: /Users/davidainslie/workspace/exercises/exploding/project/Dependencies.scala
WARN  no build target: /Users/davidainslie/workspace/exercises/exploding/project/Dependencies.scala
WARN  no build target: /Users/davidainslie/workspace/exercises/exploding/project/Dependencies.scala
WARN  no build target: /Users/davidainslie/workspace/exercises/exploding/project/Dependencies.scala
WARN  no build target: /Users/davidainslie/workspace/exercises/exploding/project/Dependencies.scala
WARN  no build target: /Users/davidainslie/workspace/exercises/exploding/project/Dependencies.scala
WARN  no build target: /Users/davidainslie/workspace/exercises/exploding/project/Dependencies.scala
WARN  no build target: /Users/davidainslie/workspace/exercises/exploding/build.sbt
WARN  no build target: /Users/davidainslie/workspace/exercises/exploding/build.sbt
WARN  no build target: /Users/davidainslie/workspace/exercises/exploding/build.sbt
WARN  no build target: /Users/davidainslie/workspace/exercises/exploding/build.sbt
WARN  no build target: /Users/davidainslie/workspace/exercises/exploding/build.sbt
WARN  no build target: /Users/davidainslie/workspace/exercises/exploding/build.sbt
WARN  no build target: /Users/davidainslie/workspace/exercises/exploding/project/Dependencies.scala
WARN  no build target: /Users/davidainslie/workspace/exercises/exploding/project/Dependencies.scala
WARN  no build target: /Users/davidainslie/workspace/exercises/exploding/project/Dependencies.scala
WARN  no build target: /Users/davidainslie/workspace/exercises/exploding/project/Dependencies.scala
WARN  no build target: /Users/davidainslie/workspace/exercises/exploding/project/Dependencies.scala
something's wrong: no file:///Users/davidainslie/workspace/exercises/exploding/project/Dependencies.scala in Seq[<error>]RangePosition(file:///Users/davidainslie/workspace/exercises/exploding/project/Dependencies.scala, 217, 217, 230)
something's wrong: no file:///Users/davidainslie/workspace/exercises/exploding/project/Dependencies.scala in Seq[<error>]RangePosition(file:///Users/davidainslie/workspace/exercises/exploding/project/Dependencies.scala, 217, 217, 230)
something's wrong: no file:///Users/davidainslie/workspace/exercises/exploding/project/Dependencies.scala in Seq[<error>]RangePosition(file:///Users/davidainslie/workspace/exercises/exploding/project/Dependencies.scala, 763, 763, 776)
WARN  no build target: /Users/davidainslie/workspace/exercises/exploding/project/Dependencies.scala
INFO  shutting down Metals
INFO  time: initialize in 0.36s
WARN  no build tool detected in workspace '/Users/davidainslie/workspace/backwards/docker-backwards'. The most common cause for this problem is that the editor was opened in the wrong working directory, for example if you use sbt then the workspace directory should contain build.sbt. 
WARN  no build target: /Users/davidainslie/Desktop/Game.scala
INFO  no build target: using presentation compiler with only scala-library
WARN  no build target: /Users/davidainslie/Desktop/Game1.scala
WARN  no build target: /Users/davidainslie/Desktop/Game1.scala
WARN  no build target: /Users/davidainslie/Desktop/Game2.scala
WARN  no build target: /Users/davidainslie/Desktop/Game2.scala
WARN  no build tool detected in workspace '/Users/davidainslie/workspace/backwards/docker-backwards'. The most common cause for this problem is that the editor was opened in the wrong working directory, for example if you use sbt then the workspace directory should contain build.sbt. 
WARN  no build tool detected in workspace '/Users/davidainslie/workspace/backwards/docker-backwards'. The most common cause for this problem is that the editor was opened in the wrong working directory, for example if you use sbt then the workspace directory should contain build.sbt. 
WARN  no build target: /Users/davidainslie/workspace/exercises/card-game/build.sbt
WARN  no build target: /Users/davidainslie/workspace/exercises/card-game/build.sbt
WARN  no build target: /Users/davidainslie/workspace/exercises/card-game/build.sbt
WARN  no build target: /Users/davidainslie/workspace/exercises/card-game/build.sbt
WARN  no build target: /Users/davidainslie/workspace/exercises/card-game/build.sbt
WARN  no build target: /Users/davidainslie/workspace/exercises/card-game/src/main/scala/com/backwards/card/Card.scala
WARN  no build target: /Users/davidainslie/workspace/exercises/card-game/src/main/scala/com/backwards/card/Card.scala
WARN  no build target: /Users/davidainslie/workspace/exercises/card-game/src/main/scala/com/backwards/card/CardShow.scala
WARN  no build target: /Users/davidainslie/workspace/exercises/card-game/src/main/scala/com/backwards/card/CardShow.scala
WARN  no build target: /Users/davidainslie/workspace/exercises/card-game/src/main/scala/com/backwards/card/Command.scala
WARN  no build target: /Users/davidainslie/workspace/exercises/card-game/src/main/scala/com/backwards/card/Command.scala
WARN  no build target: /Users/davidainslie/workspace/exercises/card-game/src/main/scala/com/backwards/card/Game.scala
WARN  no build target: /Users/davidainslie/workspace/exercises/card-game/src/main/scala/com/backwards/card/Game.scala
WARN  no build target: /Users/davidainslie/workspace/exercises/card-game/src/main/scala/com/backwards/card/Game.scala
WARN  no build target: /Users/davidainslie/workspace/exercises/card-game/src/main/scala/com/backwards/card/Synopsis.scala
WARN  no build target: /Users/davidainslie/workspace/exercises/card-game/src/main/scala/com/backwards/card/Synopsis.scala
WARN  no build target: /Users/davidainslie/workspace/exercises/card-game/src/test/scala/com/backwards/card/GameSpec.scala
WARN  no build target: /Users/davidainslie/workspace/exercises/card-game/src/test/scala/com/backwards/card/GameSpec.scala
INFO  shutting down Metals
INFO  time: initialize in 1.39s
WARN  no build tool detected in workspace '/Users/davidainslie/workspace/backwards/docker-backwards'. The most common cause for this problem is that the editor was opened in the wrong working directory, for example if you use sbt then the workspace directory should contain build.sbt. 
WARN  no build target: /Users/davidainslie/Desktop/Game.scala
WARN  no build target: /Users/davidainslie/Desktop/Game1.scala
